C:\Tomas\Metasite-master\Metasite\metasite-app\dist\out-tsc\src\app\models\eventType.model.js
C:\Tomas\Metasite-master\Metasite\metasite-app\dist\out-tsc\src\app\models\eventType.model.js.map
C:\Tomas\Metasite-master\Metasite\metasite-app\dist\out-tsc\src\environments\environment.js
C:\Tomas\Metasite-master\Metasite\metasite-app\dist\out-tsc\src\environments\environment.js.map
C:\Tomas\Metasite-master\Metasite\metasite-app\dist\out-tsc\src\app\app.service.js
C:\Tomas\Metasite-master\Metasite\metasite-app\dist\out-tsc\src\app\app.service.js.map
C:\Tomas\Metasite-master\Metasite\metasite-app\dist\out-tsc\src\app\app.component.js
C:\Tomas\Metasite-master\Metasite\metasite-app\dist\out-tsc\src\app\app.component.js.map
C:\Tomas\Metasite-master\Metasite\metasite-app\dist\out-tsc\src\app\app.module.js
C:\Tomas\Metasite-master\Metasite\metasite-app\dist\out-tsc\src\app\app.module.js.map
C:\Tomas\Metasite-master\Metasite\metasite-app\dist\out-tsc\src\main.js
C:\Tomas\Metasite-master\Metasite\metasite-app\dist\out-tsc\src\main.js.map
C:\Tomas\Metasite-master\Metasite\metasite-app\dist\out-tsc\src\polyfills.js
C:\Tomas\Metasite-master\Metasite\metasite-app\dist\out-tsc\src\polyfills.js.map
C:\Tomas\Metasite-master\Metasite\metasite-app\dist\out-tsc\src\test.js
C:\Tomas\Metasite-master\Metasite\metasite-app\dist\out-tsc\src\test.js.map
C:\Tomas\Metasite-master\Metasite\metasite-app\dist\out-tsc\e2e\src\app.po.js
C:\Tomas\Metasite-master\Metasite\metasite-app\dist\out-tsc\e2e\src\app.po.js.map
C:\Tomas\Metasite-master\Metasite\metasite-app\dist\out-tsc\e2e\src\app.e2e-spec.js
C:\Tomas\Metasite-master\Metasite\metasite-app\dist\out-tsc\e2e\src\app.e2e-spec.js.map
C:\Tomas\Metasite-master\Metasite\metasite-app\dist\out-tsc\src\app\app.component.spec.js
C:\Tomas\Metasite-master\Metasite\metasite-app\dist\out-tsc\src\app\app.component.spec.js.map
C:\Tomas\Metasite-master\Metasite\metasite-app\dist\out-tsc\src\environments\environment.prod.js
C:\Tomas\Metasite-master\Metasite\metasite-app\dist\out-tsc\src\environments\environment.prod.js.map
